<?xml version="1.0" encoding="UTF-8"?>
<testsuite xmlns:xsi="http://www.w3.org/2001/XMLSchema-instance" xsi:noNamespaceSchemaLocation="https://maven.apache.org/surefire/maven-surefire-plugin/xsd/surefire-test-report.xsd" version="3.0.2" name="TestSuite" time="17.502" tests="2" errors="0" skipped="0" failures="0">
  <properties>
[...]
</properties>
  <testcase name="verify_account_registration" classname="testCases.TC001_AccountRegistrationTest" time="5.252">
    <system-out><![CDATA[2024-10-11T17:31:20.845482700Z main INFO Starting configuration XmlConfiguration[location=D:\Eclipse\Udemy demoProject\UProject\target\test-classes\log4j2.xml, lastModified=2024-10-08T10:31:09.204Z]...
2024-10-11T17:31:20.848482Z main INFO Start watching for changes to D:\Eclipse\Udemy demoProject\UProject\target\test-classes\log4j2.xml every 0 seconds
2024-10-11T17:31:20.848482Z main INFO Configuration XmlConfiguration[location=D:\Eclipse\Udemy demoProject\UProject\target\test-classes\log4j2.xml, lastModified=2024-10-08T10:31:09.204Z] started.
2024-10-11T17:31:20.850494800Z main INFO Stopping configuration org.apache.logging.log4j.core.config.DefaultConfiguration@63355449...
2024-10-11T17:31:20.851508600Z main INFO Configuration org.apache.logging.log4j.core.config.DefaultConfiguration@63355449 stopped.
]]></system-out>
  </testcase>
  <testcase name="verify_Login" classname="testCases.TC002_LoginTest" time="1.997"/>
</testsuite>